1 1 1 2 2 2 3 3 3 4 4 4 5 5 5 6 7
8 8 8 9 9 9 10 10 10 11 11 11 12 12 12 6 7
13 13 13 14 14 14 15 15 15 16 16 16 17 17 17 6 7
18 18 18 19 19 19 20 20 20 21 21 21 22 22 22 23 24
25 25 25 26 26 26 27 27 27 28 28 28 29 29 29 23 24
30 30 30 31 31 31 32 32 32 33 33 33 34 34 34 23 24
35 35 35 36 36 36 37 37 37 38 38 38 39 39 39 40 41
42 42 42 43 43 43 44 44 44 45 45 45 46 46 46 40 41
47 47 47 48 48 48 49 49 49 50 50 50 51 51 51 40 41
52 52 52 53 53 53 54 54 54 55 55 55 56 56 56 57 58
59 59 59 60 60 60 61 61 61 62 62 62 63 63 63 57 58
64 64 64 65 65 65 66 66 66 67 67 67 68 68 68 57 58
69 69 69 70 70 70 71 71 71 72 72 72 73 73 73 74 75
76 76 76 77 77 77 78 78 78 79 79 79 80 80 80 74 75
81 81 81 82 82 82 83 83 83 84 84 84 85 85 85 74 75
86 86 86 87 87 87 88 88 88 89 89 89 90 90 90 0 0

1 1 1 2 2 2 3
4 4 4 5 5 5 3
6 6 6 7 7 7 3
8 8 8 9 9 9 0

1 1 1 2 2 2 3 3 3 4 4 4 5
6 6 6 7 7 7 8 8 8 9 9 9 5
10 10 10 11 11 11 12 12 12 13 13 13 5
14 14 14 15 15 15 16 16 16 17 17 17 18
19 19 19 20 20 20 21 21 21 22 22 22 18
23 23 23 24 24 24 25 25 25 26 26 26 18

1 1 1 2 2 2
3 3 3 4 4 4
5 5 5 6 6 6
7 7 7 8 8 8
9 9 9 10 10 10
11 11 11 12 12 12
13 13 13 14 14 14
15 15 15 16 16 16
17 17 17 18 18 18
19 19 19 20 20 20
21 21 21 22 22 22
23 23 23 24 24 24
25 25 25 26 26 26
27 27 27 28 28 28
29 29 29 30 30 30
31 31 31 32 32 32
33 33 33 34 34 34
35 35 35 36 36 36

1 1 1 2 2 2 3 3 3 4 4 4 5 5 5 6
7 7 7 8 8 8 9 9 9 10 10 10 11 11 11 6
12 12 12 13 13 13 14 14 14 15 15 15 16 16 16 6
17 17 17 18 18 18 19 19 19 20 20 20 21 21 21 22
23 23 23 24 24 24 25 25 25 26 26 26 27 27 27 22
28 28 28 29 29 29 30 30 30 31 31 31 32 32 32 22
33 33 33 34 34 34 35 35 35 36 36 36 37 37 37 0
38 38 38 39 39 39 40 40 40 41 41 41 42 42 42 0

1 1 1 2 3
4 4 4 2 3
5 5 5 2 3
6 6 6 7 8
9 9 9 7 8
10 10 10 7 8
11 11 11 12 13
14 14 14 12 13
15 15 15 12 13
16 16 16 17 18
19 19 19 17 18
20 20 20 17 18
21 21 21 22 23
24 24 24 22 23
25 25 25 22 23
26 26 26 0 0

1 1 1 2 2 2 3 3 3 4 4 4 5 5 5 6 7
8 8 8 9 9 9 10 10 10 11 11 11 12 12 12 6 7
13 13 13 14 14 14 15 15 15 16 16 16 17 17 17 6 7
18 18 18 19 19 19 20 20 20 21 21 21 22 22 22 23 24
25 25 25 26 26 26 27 27 27 28 28 28 29 29 29 23 24
30 30 30 31 31 31 32 32 32 33 33 33 34 34 34 23 24
35 35 35 36 36 36 37 37 37 38 38 38 39 39 39 40 41
42 42 42 43 43 43 44 44 44 45 45 45 46 46 46 40 41
47 47 47 48 48 48 49 49 49 50 50 50 51 51 51 40 41
52 52 52 53 53 53 54 54 54 55 55 55 56 56 56 57 58
59 59 59 60 60 60 61 61 61 62 62 62 63 63 63 57 58
64 64 64 65 65 65 66 66 66 67 67 67 68 68 68 57 58
69 69 69 70 70 70 71 71 71 72 72 72 73 73 73 74 75
76 76 76 77 77 77 78 78 78 79 79 79 80 80 80 74 75
81 81 81 82 82 82 83 83 83 84 84 84 85 85 85 74 75

1 1 1 2 2 2 3 3 3 4 5
6 6 6 7 7 7 8 8 8 4 5
9 9 9 10 10 10 11 11 11 4 5
12 12 12 13 13 13 14 14 14 15 16
17 17 17 18 18 18 19 19 19 15 16
20 20 20 21 21 21 22 22 22 15 16
23 23 23 24 24 24 25 25 25 26 27
28 28 28 29 29 29 30 30 30 26 27
31 31 31 32 32 32 33 33 33 26 27
34 34 34 35 35 35 36 36 36 37 38
39 39 39 40 40 40 41 41 41 37 38
42 42 42 43 43 43 44 44 44 37 38
45 45 45 46 46 46 47 47 47 48 49
50 50 50 51 51 51 52 52 52 48 49
53 53 53 54 54 54 55 55 55 48 49
56 56 56 57 57 57 58 58 58 0 0

1 1 1 2
3 3 3 2
4 4 4 2
5 5 5 6
7 7 7 6
8 8 8 6
9 9 9 10
11 11 11 10
12 12 12 10
13 13 13 14
15 15 15 14
16 16 16 14
17 17 17 0
18 18 18 0

1 1 1 2 2 2 3 3 3 4 4 4 5 5 5 6 7
8 8 8 9 9 9 10 10 10 11 11 11 12 12 12 6 7
13 13 13 14 14 14 15 15 15 16 16 16 17 17 17 6 7
18 18 18 19 19 19 20 20 20 21 21 21 22 22 22 23 24
25 25 25 26 26 26 27 27 27 28 28 28 29 29 29 23 24
30 30 30 31 31 31 32 32 32 33 33 33 34 34 34 23 24
35 35 35 36 36 36 37 37 37 38 38 38 39 39 39 40 41
42 42 42 43 43 43 44 44 44 45 45 45 46 46 46 40 41
47 47 47 48 48 48 49 49 49 50 50 50 51 51 51 40 41
52 52 52 53 53 53 54 54 54 55 55 55 56 56 56 57 58
59 59 59 60 60 60 61 61 61 62 62 62 63 63 63 57 58
64 64 64 65 65 65 66 66 66 67 67 67 68 68 68 57 58
69 69 69 70 70 70 71 71 71 72 72 72 73 73 73 74 75
76 76 76 77 77 77 78 78 78 79 79 79 80 80 80 74 75
81 81 81 82 82 82 83 83 83 84 84 84 85 85 85 74 75
86 86 86 87 87 87 88 88 88 89 89 89 90 90 90 91 92
93 93 93 94 94 94 95 95 95 96 96 96 97 97 97 91 92
98 98 98 99 99 99 100 100 100 101 101 101 102 102 102 91 92